<?xml version="1.0" encoding="UTF-8"?>
<!-- Generated by org.testng.reporters.JUnitXMLReporter -->
<testsuite hostname="DESKTOP-50O4S5L" ignored="0" name="CategoryTest" tests="6" failures="0" timestamp="10 Jul 2020 07:50:48 GMT" time="186.415" errors="0">
  <testcase name="testSortingDes" time="60.49" classname="testcases.CategoryPageTest"/>
  <testcase name="tetSortingAcs" time="24.875" classname="testcases.CategoryPageTest"/>
  <testcase name="testAddProductCompare" time="34.671" classname="testcases.CategoryPageTest"/>
  <testcase name="testAddProductWishList" time="35.97" classname="testcases.CategoryPageTest"/>
  <testcase name="addProductWithOptions" time="15.014" classname="testcases.CategoryPageTest"/>
  <testcase name="combineFilter" time="8.01" classname="testcases.CategoryPageTest"/>
</testsuite> <!-- CategoryTest -->
