<?xml version="1.0" encoding="UTF-8"?>
<!-- Generated by org.testng.reporters.JUnitXMLReporter -->
<testsuite hostname="DESKTOP-50O4S5L" ignored="0" name="HomePageTest" tests="8" failures="0" timestamp="10 Jul 2020 11:10:27 GMT" time="81.337" errors="0">
  <testcase name="checkCategoryMenu" time="19.368" classname="testcases.HomePageTest"/>
  <testcase name="checkLinkCreateAccount" time="6.066" classname="testcases.HomePageTest"/>
  <testcase name="checkLinkSignIn" time="6.122" classname="testcases.HomePageTest"/>
  <testcase name="checkSearchProductWithValidData" time="9.772" classname="testcases.HomePageTest"/>
  <testcase name="checkSearchWithInvalidData" time="7.216" classname="testcases.HomePageTest"/>
  <testcase name="goToDetailProduct" time="7.656" classname="testcases.HomePageTest"/>
  <testcase name="goToDetailProduct" time="8.675" classname="testcases.HomePageTest"/>
  <testcase name="goToDetailProduct" time="8.6" classname="testcases.HomePageTest"/>
</testsuite> <!-- HomePageTest -->
