<?xml version="1.0" encoding="UTF-8"?>
<!-- Generated by org.testng.reporters.JUnitXMLReporter -->
<testsuite hostname="DESKTOP-50O4S5L" ignored="0" name="SignUpTest" tests="5" failures="0" timestamp="10 Jul 2020 11:20:30 GMT" time="39.784" errors="0">
  <testcase name="checkRequiredForm" time="12.322" classname="testcases.SignUpTest"/>
  <testcase name="checkRequiredForm" time="5.17" classname="testcases.SignUpTest"/>
  <testcase name="checkRequiredForm" time="5.055" classname="testcases.SignUpTest"/>
  <testcase name="checkRequiredForm" time="4.76" classname="testcases.SignUpTest"/>
  <testcase name="checkRequiredForm" time="4.814" classname="testcases.SignUpTest"/>
</testsuite> <!-- SignUpTest -->
