<?xml version="1.0" encoding="UTF-8"?>
<testng-results skipped="0" failed="0" ignored="0" total="5" passed="5">
  <reporter-output>
  </reporter-output>
  <suite name="suite" duration-ms="39784" started-at="2020-07-10T11:19:51Z" finished-at="2020-07-10T11:20:30Z">
    <groups>
    </groups>
    <test name="SignUpTest" duration-ms="39784" started-at="2020-07-10T11:19:51Z" finished-at="2020-07-10T11:20:30Z">
      <class name="testcases.SignUpTest">
        <test-method status="PASS" signature="initDriver()[pri:0, instance:testcases.SignUpTest@43b4fe19]" name="initDriver" is-config="true" duration-ms="6761" started-at="2020-07-10T11:19:51Z" finished-at="2020-07-10T11:19:57Z">
          <reporter-output>
          </reporter-output>
        </test-method> <!-- initDriver -->
        <test-method status="PASS" signature="data()[pri:0, instance:testcases.SignUpTest@43b4fe19]" name="data" is-config="true" duration-ms="4" started-at="2020-07-10T11:19:57Z" depends-on-methods="testcases.BaseTest.initDriver" finished-at="2020-07-10T11:19:57Z">
          <reporter-output>
          </reporter-output>
        </test-method> <!-- data -->
        <test-method status="PASS" signature="checkRequiredForm(java.lang.String, java.lang.String, java.lang.String, java.lang.String, java.lang.String)[pri:0, instance:testcases.SignUpTest@43b4fe19]" name="checkRequiredForm" duration-ms="12322" started-at="2020-07-10T11:19:57Z" data-provider="data_test_Account" finished-at="2020-07-10T11:20:10Z">
          <params>
            <param index="0">
              <value>
                <![CDATA[]]>
              </value>
            </param>
            <param index="1">
              <value>
                <![CDATA[Hoang]]>
              </value>
            </param>
            <param index="2">
              <value>
                <![CDATA[lanhoang@gmail.com]]>
              </value>
            </param>
            <param index="3">
              <value>
                <![CDATA[Huyen01$]]>
              </value>
            </param>
            <param index="4">
              <value>
                <![CDATA[Huyen01$]]>
              </value>
            </param>
          </params>
          <reporter-output>
          </reporter-output>
        </test-method> <!-- checkRequiredForm -->
        <test-method status="PASS" signature="checkRequiredForm(java.lang.String, java.lang.String, java.lang.String, java.lang.String, java.lang.String)[pri:0, instance:testcases.SignUpTest@43b4fe19]" name="checkRequiredForm" duration-ms="5170" started-at="2020-07-10T11:20:10Z" data-provider="data_test_Account" finished-at="2020-07-10T11:20:15Z">
          <params>
            <param index="0">
              <value>
                <![CDATA[Lan]]>
              </value>
            </param>
            <param index="1">
              <value>
                <![CDATA[]]>
              </value>
            </param>
            <param index="2">
              <value>
                <![CDATA[lanhoang@gmail.com]]>
              </value>
            </param>
            <param index="3">
              <value>
                <![CDATA[Huyen01$]]>
              </value>
            </param>
            <param index="4">
              <value>
                <![CDATA[Huyen01$]]>
              </value>
            </param>
          </params>
          <reporter-output>
          </reporter-output>
        </test-method> <!-- checkRequiredForm -->
        <test-method status="PASS" signature="checkRequiredForm(java.lang.String, java.lang.String, java.lang.String, java.lang.String, java.lang.String)[pri:0, instance:testcases.SignUpTest@43b4fe19]" name="checkRequiredForm" duration-ms="5055" started-at="2020-07-10T11:20:15Z" data-provider="data_test_Account" finished-at="2020-07-10T11:20:20Z">
          <params>
            <param index="0">
              <value>
                <![CDATA[Lan]]>
              </value>
            </param>
            <param index="1">
              <value>
                <![CDATA[Hoang]]>
              </value>
            </param>
            <param index="2">
              <value>
                <![CDATA[]]>
              </value>
            </param>
            <param index="3">
              <value>
                <![CDATA[Huyen01$]]>
              </value>
            </param>
            <param index="4">
              <value>
                <![CDATA[Huyen01$]]>
              </value>
            </param>
          </params>
          <reporter-output>
          </reporter-output>
        </test-method> <!-- checkRequiredForm -->
        <test-method status="PASS" signature="checkRequiredForm(java.lang.String, java.lang.String, java.lang.String, java.lang.String, java.lang.String)[pri:0, instance:testcases.SignUpTest@43b4fe19]" name="checkRequiredForm" duration-ms="4760" started-at="2020-07-10T11:20:20Z" data-provider="data_test_Account" finished-at="2020-07-10T11:20:25Z">
          <params>
            <param index="0">
              <value>
                <![CDATA[Lan]]>
              </value>
            </param>
            <param index="1">
              <value>
                <![CDATA[Hoang]]>
              </value>
            </param>
            <param index="2">
              <value>
                <![CDATA[lanhoang@gmail.com]]>
              </value>
            </param>
            <param index="3">
              <value>
                <![CDATA[]]>
              </value>
            </param>
            <param index="4">
              <value>
                <![CDATA[Huyen01$]]>
              </value>
            </param>
          </params>
          <reporter-output>
          </reporter-output>
        </test-method> <!-- checkRequiredForm -->
        <test-method status="PASS" signature="checkRequiredForm(java.lang.String, java.lang.String, java.lang.String, java.lang.String, java.lang.String)[pri:0, instance:testcases.SignUpTest@43b4fe19]" name="checkRequiredForm" duration-ms="4814" started-at="2020-07-10T11:20:25Z" data-provider="data_test_Account" finished-at="2020-07-10T11:20:30Z">
          <params>
            <param index="0">
              <value>
                <![CDATA[Lan]]>
              </value>
            </param>
            <param index="1">
              <value>
                <![CDATA[Hoang]]>
              </value>
            </param>
            <param index="2">
              <value>
                <![CDATA[lanhoang@gmail.com]]>
              </value>
            </param>
            <param index="3">
              <value>
                <![CDATA[Huyen01$]]>
              </value>
            </param>
            <param index="4">
              <value>
                <![CDATA[]]>
              </value>
            </param>
          </params>
          <reporter-output>
          </reporter-output>
        </test-method> <!-- checkRequiredForm -->
        <test-method status="PASS" signature="tearDown()[pri:0, instance:testcases.SignUpTest@43b4fe19]" name="tearDown" is-config="true" duration-ms="663" started-at="2020-07-10T11:20:30Z" finished-at="2020-07-10T11:20:30Z">
          <reporter-output>
          </reporter-output>
        </test-method> <!-- tearDown -->
      </class> <!-- testcases.SignUpTest -->
    </test> <!-- SignUpTest -->
  </suite> <!-- suite -->
</testng-results>
